-------------------------------------------------------------------------------
Test set: com.moody.moon.microservices.currencyconversionservice.CurrencyConversionServiceApplicationTests
-------------------------------------------------------------------------------
Tests run: 1, Failures: 0, Errors: 1, Skipped: 0, Time elapsed: 7.807 s <<< FAILURE! - in com.moody.moon.microservices.currencyconversionservice.CurrencyConversionServiceApplicationTests
contextLoads(com.moody.moon.microservices.currencyconversionservice.CurrencyConversionServiceApplicationTests)  Time elapsed: 0.001 s  <<< ERROR!
java.lang.AbstractMethodError

